<?xml version="1.0" encoding="UTF-8"?>
<coverage generated="1618277594">
  <project timestamp="1618277594">
    <package name="PC_Headless_Blog_1AA\PinkCrab\Admin_Pages">
      <file name="/shared/httpd/php/htdocs/pc_modules/Module__Admin_Pages/src/ACF_Page.php">
        <class name="PC_Headless_Blog_1AA\PinkCrab\Admin_Pages\ACF_Page" namespace="PC_Headless_Blog_1AA\PinkCrab\Admin_Pages" fullPackage="ACF">
          <metrics complexity="5" methods="2" coveredmethods="2" conditionals="0" coveredconditionals="0" statements="4" coveredstatements="4" elements="6" coveredelements="6"/>
        </class>
        <line num="109" type="method" name="updated_message" visibility="public" complexity="1" crap="1" count="1"/>
        <line num="110" type="stmt" count="1"/>
        <line num="111" type="stmt" count="1"/>
        <line num="121" type="method" name="update_button" visibility="public" complexity="1" crap="1" count="1"/>
        <line num="122" type="stmt" count="1"/>
        <line num="123" type="stmt" count="1"/>
        <metrics loc="125" ncloc="40" classes="1" methods="2" coveredmethods="2" conditionals="0" coveredconditionals="0" statements="4" coveredstatements="4" elements="6" coveredelements="6"/>
      </file>
      <file name="/shared/httpd/php/htdocs/pc_modules/Module__Admin_Pages/src/Menu_Page_Group.php">
        <class name="PC_Headless_Blog_1AA\PinkCrab\Admin_Pages\Menu_Page_Group" namespace="PC_Headless_Blog_1AA\PinkCrab\Admin_Pages" fullPackage="Menu.Page">
          <metrics complexity="14" methods="5" coveredmethods="5" conditionals="0" coveredconditionals="0" statements="71" coveredstatements="71" elements="76" coveredelements="76"/>
        </class>
        <line num="115" type="method" name="__construct" visibility="public" complexity="1" crap="1" count="7"/>
        <line num="116" type="stmt" count="7"/>
        <line num="117" type="stmt" count="7"/>
        <line num="118" type="stmt" count="7"/>
        <line num="121" type="stmt" count="7"/>
        <line num="122" type="stmt" count="7"/>
        <line num="123" type="stmt" count="7"/>
        <line num="124" type="stmt" count="7"/>
        <line num="125" type="stmt" count="7"/>
        <line num="130" type="stmt" count="7"/>
        <line num="131" type="stmt" count="7"/>
        <line num="171" type="method" name="validate_page" visibility="protected" complexity="2" crap="2" count="4"/>
        <line num="172" type="stmt" count="4"/>
        <line num="173" type="stmt" count="4"/>
        <line num="174" type="stmt" count="1"/>
        <line num="176" type="stmt" count="4"/>
        <line num="183" type="method" name="register" visibility="public" complexity="2" crap="2" count="4"/>
        <line num="185" type="stmt" count="4"/>
        <line num="186" type="stmt" count="4"/>
        <line num="188" type="stmt" count="4"/>
        <line num="189" type="stmt" count="4"/>
        <line num="191" type="stmt" count="4"/>
        <line num="192" type="stmt" count="4"/>
        <line num="193" type="stmt" count="4"/>
        <line num="196" type="stmt" count="3"/>
        <line num="205" type="method" name="register_parent_page" visibility="protected" complexity="3" crap="3" count="4"/>
        <line num="206" type="stmt" count="4"/>
        <line num="207" type="stmt" count="1"/>
        <line num="208" type="stmt" count="1"/>
        <line num="211" type="stmt" count="1"/>
        <line num="213" type="stmt" count="1"/>
        <line num="214" type="stmt" count="1"/>
        <line num="215" type="stmt" count="1"/>
        <line num="216" type="stmt" count="1"/>
        <line num="218" type="stmt" count="1"/>
        <line num="219" type="stmt" count="1"/>
        <line num="220" type="stmt" count="1"/>
        <line num="221" type="stmt" count="1"/>
        <line num="224" type="stmt" count="1"/>
        <line num="227" type="stmt" count="3"/>
        <line num="228" type="stmt" count="3"/>
        <line num="230" type="stmt" count="1"/>
        <line num="231" type="stmt" count="1"/>
        <line num="232" type="stmt" count="1"/>
        <line num="233" type="stmt" count="1"/>
        <line num="234" type="stmt" count="1"/>
        <line num="235" type="stmt" count="1"/>
        <line num="236" type="stmt" count="1"/>
        <line num="237" type="stmt" count="1"/>
        <line num="239" type="stmt" count="3"/>
        <line num="242" type="stmt" count="4"/>
        <line num="251" type="method" name="register_child_page" visibility="protected" complexity="3" crap="3" count="4"/>
        <line num="252" type="stmt" count="4"/>
        <line num="253" type="stmt" count="1"/>
        <line num="254" type="stmt" count="1"/>
        <line num="257" type="stmt" count="1"/>
        <line num="259" type="stmt" count="1"/>
        <line num="260" type="stmt" count="1"/>
        <line num="261" type="stmt" count="1"/>
        <line num="262" type="stmt" count="1"/>
        <line num="263" type="stmt" count="1"/>
        <line num="264" type="stmt" count="1"/>
        <line num="265" type="stmt" count="1"/>
        <line num="268" type="stmt" count="1"/>
        <line num="271" type="stmt" count="3"/>
        <line num="272" type="stmt" count="3"/>
        <line num="274" type="stmt" count="1"/>
        <line num="275" type="stmt" count="1"/>
        <line num="276" type="stmt" count="1"/>
        <line num="277" type="stmt" count="1"/>
        <line num="278" type="stmt" count="1"/>
        <line num="279" type="stmt" count="1"/>
        <line num="280" type="stmt" count="1"/>
        <line num="281" type="stmt" count="1"/>
        <line num="283" type="stmt" count="3"/>
        <line num="286" type="stmt" count="4"/>
        <metrics loc="288" ncloc="153" classes="1" methods="5" coveredmethods="5" conditionals="0" coveredconditionals="0" statements="71" coveredstatements="71" elements="76" coveredelements="76"/>
      </file>
      <file name="/shared/httpd/php/htdocs/pc_modules/Module__Admin_Pages/src/Page.php">
        <class name="PC_Headless_Blog_1AA\PinkCrab\Admin_Pages\Page" namespace="PC_Headless_Blog_1AA\PinkCrab\Admin_Pages">
          <metrics complexity="13" methods="10" coveredmethods="10" conditionals="0" coveredconditionals="0" statements="20" coveredstatements="20" elements="30" coveredelements="30"/>
        </class>
        <line num="90" type="method" name="__construct" visibility="public" complexity="1" crap="1" count="21"/>
        <line num="91" type="stmt" count="21"/>
        <line num="92" type="stmt" count="21"/>
        <line num="102" type="method" name="create_page" visibility="public" complexity="2" crap="2" count="13"/>
        <line num="103" type="stmt" count="13"/>
        <line num="104" type="stmt" count="13"/>
        <line num="105" type="stmt" count="13"/>
        <line num="106" type="stmt" count="13"/>
        <line num="115" type="method" name="title" visibility="public" complexity="1" crap="1" count="8"/>
        <line num="116" type="stmt" count="8"/>
        <line num="117" type="stmt" count="8"/>
        <line num="125" type="method" name="view_template" visibility="public" complexity="1" crap="1" count="8"/>
        <line num="126" type="stmt" count="8"/>
        <line num="127" type="stmt" count="8"/>
        <line num="136" type="method" name="view_data" visibility="public" complexity="1" crap="1" count="9"/>
        <line num="137" type="stmt" count="9"/>
        <line num="138" type="stmt" count="9"/>
        <line num="147" type="method" name="position" visibility="public" complexity="1" crap="1" count="8"/>
        <line num="148" type="stmt" count="8"/>
        <line num="149" type="stmt" count="8"/>
        <line num="158" type="method" name="compose_view" visibility="public" complexity="1" crap="1" count="2"/>
        <line num="160" type="stmt" count="2"/>
        <line num="161" type="stmt" count="2"/>
        <line num="169" type="method" name="get_position" visibility="public" complexity="1" crap="1" count="5"/>
        <line num="170" type="stmt" count="5"/>
        <line num="178" type="method" name="get_capability" visibility="public" complexity="2" crap="2" count="3"/>
        <line num="179" type="stmt" count="3"/>
        <line num="188" type="method" name="capability" visibility="public" complexity="2" crap="2" count="8"/>
        <line num="189" type="stmt" count="8"/>
        <line num="190" type="stmt" count="8"/>
        <metrics loc="192" ncloc="74" classes="1" methods="10" coveredmethods="10" conditionals="0" coveredconditionals="0" statements="20" coveredstatements="20" elements="30" coveredelements="30"/>
      </file>
      <file name="/shared/httpd/php/htdocs/pc_modules/Module__Admin_Pages/src/Page_Collection.php">
        <class name="PC_Headless_Blog_1AA\PinkCrab\Admin_Pages\Page_Collection" namespace="PC_Headless_Blog_1AA\PinkCrab\Admin_Pages" fullPackage="Page">
          <metrics complexity="5" methods="5" coveredmethods="5" conditionals="0" coveredconditionals="0" statements="13" coveredstatements="13" elements="18" coveredelements="18"/>
        </class>
        <line num="53" type="method" name="__construct" visibility="public" complexity="1" crap="1" count="11"/>
        <line num="54" type="stmt" count="11"/>
        <line num="55" type="stmt" count="11"/>
        <line num="56" type="stmt" count="11"/>
        <line num="57" type="stmt" count="11"/>
        <line num="64" type="method" name="is_empty" visibility="public" complexity="1" crap="1" count="7"/>
        <line num="65" type="stmt" count="7"/>
        <line num="74" type="method" name="add_child_page" visibility="public" complexity="1" crap="1" count="7"/>
        <line num="75" type="stmt" count="7"/>
        <line num="76" type="stmt" count="7"/>
        <line num="85" type="method" name="add" visibility="public" complexity="1" crap="1" count="10"/>
        <line num="86" type="stmt" count="10"/>
        <line num="87" type="stmt" count="10"/>
        <line num="96" type="method" name="register_child_pages" visibility="public" complexity="1" crap="1" count="4"/>
        <line num="97" type="stmt" count="4"/>
        <line num="99" type="stmt" count="4"/>
        <line num="100" type="stmt" count="4"/>
        <line num="102" type="stmt" count="3"/>
        <metrics loc="103" ncloc="44" classes="1" methods="5" coveredmethods="5" conditionals="0" coveredconditionals="0" statements="13" coveredstatements="13" elements="18" coveredelements="18"/>
      </file>
      <file name="/shared/httpd/php/htdocs/pc_modules/Module__Admin_Pages/src/Page_Factory.php">
        <class name="PC_Headless_Blog_1AA\PinkCrab\Admin_Pages\Page_Factory" namespace="PC_Headless_Blog_1AA\PinkCrab\Admin_Pages" fullPackage="Page">
          <metrics complexity="5" methods="3" coveredmethods="3" conditionals="0" coveredconditionals="0" statements="12" coveredstatements="12" elements="15" coveredelements="15"/>
        </class>
        <line num="38" type="method" name="__construct" visibility="public" complexity="2" crap="2" count="16"/>
        <line num="39" type="stmt" count="16"/>
        <line num="40" type="stmt" count="16"/>
        <line num="49" type="method" name="child_page" visibility="public" complexity="2" crap="2" count="9"/>
        <line num="50" type="stmt" count="9"/>
        <line num="51" type="stmt" count="1"/>
        <line num="54" type="stmt" count="8"/>
        <line num="55" type="stmt" count="8"/>
        <line num="56" type="stmt" count="8"/>
        <line num="57" type="stmt" count="8"/>
        <line num="68" type="method" name="page" visibility="public" complexity="1" crap="1" count="1"/>
        <line num="69" type="stmt" count="1"/>
        <line num="70" type="stmt" count="1"/>
        <line num="71" type="stmt" count="1"/>
        <line num="72" type="stmt" count="1"/>
        <metrics loc="77" ncloc="39" classes="1" methods="3" coveredmethods="3" conditionals="0" coveredconditionals="0" statements="12" coveredstatements="12" elements="15" coveredelements="15"/>
      </file>
      <file name="/shared/httpd/php/htdocs/pc_modules/Module__Admin_Pages/src/Page_Validator.php">
        <class name="PC_Headless_Blog_1AA\PinkCrab\Admin_Pages\Page_Validator" namespace="PC_Headless_Blog_1AA\PinkCrab\Admin_Pages" fullPackage="Page">
          <metrics complexity="18" methods="8" coveredmethods="8" conditionals="0" coveredconditionals="0" statements="40" coveredstatements="40" elements="48" coveredelements="48"/>
        </class>
        <line num="68" type="method" name="validate_page" visibility="public" complexity="2" crap="2" count="10"/>
        <line num="69" type="stmt" count="10"/>
        <line num="70" type="stmt" count="10"/>
        <line num="71" type="stmt" count="10"/>
        <line num="74" type="stmt" count="10"/>
        <line num="75" type="stmt" count="2"/>
        <line num="78" type="stmt" count="10"/>
        <line num="79" type="stmt" count="10"/>
        <line num="87" type="method" name="error_log" visibility="protected" complexity="1" crap="1" count="7"/>
        <line num="88" type="stmt" count="7"/>
        <line num="89" type="stmt" count="7"/>
        <line num="90" type="stmt" count="7"/>
        <line num="91" type="stmt" count="7"/>
        <line num="93" type="stmt" count="7"/>
        <line num="100" type="method" name="run_checks" visibility="protected" complexity="3" crap="3" count="10"/>
        <line num="101" type="stmt" count="10"/>
        <line num="102" type="stmt" count="10"/>
        <line num="104" type="stmt" count="10"/>
        <line num="105" type="stmt" count="8"/>
        <line num="106" type="stmt" count="2"/>
        <line num="107" type="stmt" count="2"/>
        <line num="109" type="stmt" count="10"/>
        <line num="116" type="method" name="check_keys" visibility="protected" complexity="3" crap="3" count="10"/>
        <line num="117" type="stmt" count="10"/>
        <line num="118" type="stmt" count="2"/>
        <line num="119" type="stmt" count="8"/>
        <line num="120" type="stmt" count="3"/>
        <line num="122" type="stmt" count="10"/>
        <line num="129" type="method" name="check_titles" visibility="protected" complexity="2" crap="2" count="10"/>
        <line num="130" type="stmt" count="10"/>
        <line num="131" type="stmt" count="4"/>
        <line num="133" type="stmt" count="10"/>
        <line num="140" type="method" name="check_view" visibility="protected" complexity="3" crap="3" count="8"/>
        <line num="141" type="stmt" count="8"/>
        <line num="142" type="stmt" count="1"/>
        <line num="144" type="stmt" count="8"/>
        <line num="158" type="method" name="has_errors" visibility="public" complexity="1" crap="1" count="10"/>
        <line num="159" type="stmt" count="10"/>
        <line num="167" type="method" name="get_error_messages" visibility="public" complexity="2" crap="2" count="5"/>
        <line num="170" type="stmt" count="5"/>
        <line num="171" type="stmt" count="5"/>
        <line num="172" type="stmt" count="5"/>
        <line num="173" type="stmt" count="5"/>
        <line num="177" type="stmt" count="5"/>
        <line num="179" type="stmt" count="5"/>
        <line num="180" type="stmt" count="5"/>
        <line num="181" type="stmt" count="5"/>
        <line num="184" type="stmt" count="5"/>
        <metrics loc="186" ncloc="96" classes="1" methods="8" coveredmethods="8" conditionals="0" coveredconditionals="0" statements="40" coveredstatements="40" elements="48" coveredelements="48"/>
      </file>
    </package>
    <metrics files="6" loc="971" ncloc="446" classes="6" methods="33" coveredmethods="33" conditionals="0" coveredconditionals="0" statements="160" coveredstatements="160" elements="193" coveredelements="193"/>
  </project>
</coverage>
